<?xml version="1.0" encoding="UTF-8"?>
<testng-results ignored="0" total="1" passed="1" failed="0" skipped="0">
  <reporter-output>
  </reporter-output>
  <suite started-at="2023-04-26T07:37:03 IST" name="Suite" finished-at="2023-04-26T07:38:03 IST" duration-ms="60131">
    <groups>
    </groups>
    <test started-at="2023-04-26T07:37:03 IST" name="Test" finished-at="2023-04-26T07:38:03 IST" duration-ms="60131">
      <class name="com.demowebshop.automation.testscript.TestScriptClass">
        <test-method is-config="true" signature="openapp(java.lang.String)[pri:0, instance:com.demowebshop.automation.testscript.TestScriptClass@193f604a]" started-at="2023-04-26T07:37:04 IST" name="openapp" finished-at="2023-04-26T07:37:18 IST" duration-ms="14157" status="PASS">
          <params>
            <param index="0">
              <value>
                <![CDATA[chrome]]>
              </value>
            </param>
          </params>
          <reporter-output>
          </reporter-output>
        </test-method> <!-- openapp -->
        <test-method signature="testscript(java.lang.String,java.lang.String)[pri:0, instance:com.demowebshop.automation.testscript.TestScriptClass@193f604a]" started-at="2023-04-26T07:37:18 IST" name="testscript" data-provider="testcred" finished-at="2023-04-26T07:38:02 IST" duration-ms="44141" status="PASS">
          <params>
            <param index="0">
              <value>
                <![CDATA[lingaraj014@gmail.com]]>
              </value>
            </param>
            <param index="1">
              <value>
                <![CDATA[Lingu@100]]>
              </value>
            </param>
          </params>
          <reporter-output>
          </reporter-output>
        </test-method> <!-- testscript -->
        <test-method is-config="true" signature="closeapp()[pri:0, instance:com.demowebshop.automation.testscript.TestScriptClass@193f604a]" started-at="2023-04-26T07:38:02 IST" name="closeapp" finished-at="2023-04-26T07:38:03 IST" duration-ms="240" status="PASS">
          <reporter-output>
          </reporter-output>
        </test-method> <!-- closeapp -->
      </class> <!-- com.demowebshop.automation.testscript.TestScriptClass -->
    </test> <!-- Test -->
  </suite> <!-- Suite -->
</testng-results>
